[    0.000000] Initializing cgroup subsys cpuset
[    0.000000] Initializing cgroup subsys cpu
[    0.000000] Initializing cgroup subsys cpuacct
[    0.000000] Linux version 4.4.0-210-generic (buildd@lgw01-amd64-009) (gcc version 5.4.0 20160609 (Ubuntu 5.4.0-6ubuntu1~16.04.12) ) #242-Ubuntu SMP Fri Apr 16 09:57:56 UTC 2021 (Ubuntu 4.4.0-210.242-generic 4.4.262)
[    0.000000] Command line: BOOT_IMAGE=/boot/vmlinuz-4.4.0-210-generic root=LABEL=cloudimg-rootfs ro console=tty1 console=ttyS0
[    0.000000] KERNEL supported cpus:
[    0.000000]   Intel GenuineIntel
[    0.000000]   AMD AuthenticAMD
[    0.000000]   Centaur CentaurHauls
[    0.000000] [Firmware Bug]: TSC doesn't count with P0 frequency!
[    0.000000] x86/fpu: Legacy x87 FPU detected.
[    0.000000] e820: BIOS-provided physical RAM map:
[    0.000000] BIOS-e820: [mem 0x0000000000000000-0x000000000009fbff] usable
[    0.000000] BIOS-e820: [mem 0x000000000009fc00-0x000000000009ffff] reserved
[    0.000000] BIOS-e820: [mem 0x00000000000f0000-0x00000000000fffff] reserved
[    0.000000] BIOS-e820: [mem 0x0000000000100000-0x000000003ffeffff] usable
[    0.000000] BIOS-e820: [mem 0x000000003fff0000-0x000000003fffffff] ACPI data
[    0.000000] BIOS-e820: [mem 0x00000000fec00000-0x00000000fec00fff] reserved
[    0.000000] BIOS-e820: [mem 0x00000000fee00000-0x00000000fee00fff] reserved
[    0.000000] BIOS-e820: [mem 0x00000000fffc0000-0x00000000ffffffff] reserved
[    0.000000] NX (Execute Disable) protection: active
[    0.000000] SMBIOS 2.5 present.
[    0.000000] Hypervisor detected: KVM
[    0.000000] Kernel/User page tables isolation: disabled
[    0.000000] e820: last_pfn = 0x3fff0 max_arch_pfn = 0x400000000
[    0.000000] MTRR: Disabled
[    0.000000] x86/PAT: MTRRs disabled, skipping PAT initialization too.
[    0.000000] CPU MTRRs all blank - virtualized system.
[    0.000000] x86/PAT: Configuration [0-7]: WB  WT  UC- UC  WB  WT  UC- UC  
[    0.000000] found SMP MP-table at [mem 0x0009fff0-0x0009ffff] mapped at [ffff88000009fff0]
[    0.000000] Scanning 1 areas for low memory corruption
[    0.000000] RAMDISK: [mem 0x362dc000-0x37165fff]
[    0.000000] ACPI: Early table checksum verification disabled
[    0.000000] ACPI: RSDP 0x00000000000E0000 000024 (v02 VBOX  )
[    0.000000] ACPI: XSDT 0x000000003FFF0030 00003C (v01 VBOX   VBOXXSDT 00000001 ASL  00000061)
[    0.000000] ACPI: FACP 0x000000003FFF00F0 0000F4 (v04 VBOX   VBOXFACP 00000001 ASL  00000061)
[    0.000000] ACPI: DSDT 0x000000003FFF0470 002325 (v02 VBOX   VBOXBIOS 00000002 INTL 20100528)
[    0.000000] ACPI: FACS 0x000000003FFF0200 000040
[    0.000000] ACPI: FACS 0x000000003FFF0200 000040
[    0.000000] ACPI: APIC 0x000000003FFF0240 00005C (v02 VBOX   VBOXAPIC 00000001 ASL  00000061)
[    0.000000] ACPI: SSDT 0x000000003FFF02A0 0001CC (v01 VBOX   VBOXCPUT 00000002 INTL 20100528)
[    0.000000] No NUMA configuration found
[    0.000000] Faking a node at [mem 0x0000000000000000-0x000000003ffeffff]
[    0.000000] NODE_DATA(0) allocated [mem 0x3ffeb000-0x3ffeffff]
[    0.000000] kvm-clock: Using msrs 4b564d01 and 4b564d00
[    0.000000] kvm-clock: cpu 0, msr 0:3ffe3001, primary cpu clock
[    0.000000] kvm-clock: using sched offset of 3570063339 cycles
[    0.000000] clocksource: kvm-clock: mask: 0xffffffffffffffff max_cycles: 0x1cd42e4dffb, max_idle_ns: 881590591483 ns
[    0.000000] Zone ranges:
[    0.000000]   DMA      [mem 0x0000000000001000-0x0000000000ffffff]
[    0.000000]   DMA32    [mem 0x0000000001000000-0x000000003ffeffff]
[    0.000000]   Normal   empty
[    0.000000]   Device   empty
[    0.000000] Movable zone start for each node
[    0.000000] Early memory node ranges
[    0.000000]   node   0: [mem 0x0000000000001000-0x000000000009efff]
[    0.000000]   node   0: [mem 0x0000000000100000-0x000000003ffeffff]
[    0.000000] Initmem setup node 0 [mem 0x0000000000001000-0x000000003ffeffff]
[    0.000000] ACPI: PM-Timer IO Port: 0x4008
[    0.000000] IOAPIC[0]: apic_id 2, version 32, address 0xfec00000, GSI 0-23
[    0.000000] ACPI: INT_SRC_OVR (bus 0 bus_irq 0 global_irq 2 dfl dfl)
[    0.000000] ACPI: INT_SRC_OVR (bus 0 bus_irq 9 global_irq 9 low level)
[    0.000000] Using ACPI (MADT) for SMP configuration information
[    0.000000] smpboot: Allowing 2 CPUs, 0 hotplug CPUs
[    0.000000] PM: Registered nosave memory: [mem 0x00000000-0x00000fff]
[    0.000000] PM: Registered nosave memory: [mem 0x0009f000-0x0009ffff]
[    0.000000] PM: Registered nosave memory: [mem 0x000a0000-0x000effff]
[    0.000000] PM: Registered nosave memory: [mem 0x000f0000-0x000fffff]
[    0.000000] e820: [mem 0x40000000-0xfebfffff] available for PCI devices
[    0.000000] Booting paravirtualized kernel on KVM
[    0.000000] clocksource: refined-jiffies: mask: 0xffffffff max_cycles: 0xffffffff, max_idle_ns: 7645519600211568 ns
[    0.000000] setup_percpu: NR_CPUS:512 nr_cpumask_bits:512 nr_cpu_ids:2 nr_node_ids:1
[    0.000000] PERCPU: Embedded 33 pages/cpu @ffff88003fc00000 s95192 r8192 d31784 u1048576
[    0.000000] Built 1 zonelists in Node order, mobility grouping on.  Total pages: 257912
[    0.000000] Policy zone: DMA32
[    0.000000] Kernel command line: BOOT_IMAGE=/boot/vmlinuz-4.4.0-210-generic root=LABEL=cloudimg-rootfs ro console=tty1 console=ttyS0
[    0.000000] PID hash table entries: 4096 (order: 3, 32768 bytes)
[    0.000000] Memory: 997792K/1048120K available (8644K kernel code, 1332K rwdata, 4044K rodata, 1492K init, 1164K bss, 50328K reserved, 0K cma-reserved)
[    0.000000] SLUB: HWalign=64, Order=0-3, MinObjects=0, CPUs=2, Nodes=1
[    0.000000] Hierarchical RCU implementation.
[    0.000000] 	Build-time adjustment of leaf fanout to 64.
[    0.000000] 	RCU restricting CPUs from NR_CPUS=512 to nr_cpu_ids=2.
[    0.000000] RCU: Adjusting geometry for rcu_fanout_leaf=64, nr_cpu_ids=2
[    0.000000] NR_IRQS:33024 nr_irqs:440 16
[    0.000000] Console: colour VGA+ 80x25
[    0.000000] console [tty1] enabled
[    0.000000] console [ttyS0] enabled
[    0.000000] tsc: Detected 3593.258 MHz processor
[    0.473572] Calibrating delay loop (skipped) preset value.. 7186.51 BogoMIPS (lpj=14373032)
[    0.479933] pid_max: default: 32768 minimum: 301
[    0.483677] ACPI: Core revision 20150930
[    0.488022] ACPI: 2 ACPI AML tables successfully acquired and loaded
[    0.493685] Security Framework initialized
[    0.497793] Yama: becoming mindful.
[    0.501402] AppArmor: AppArmor initialized
[    0.504942] Dentry cache hash table entries: 131072 (order: 8, 1048576 bytes)
[    0.514517] Inode-cache hash table entries: 65536 (order: 7, 524288 bytes)
[    0.525333] Mount-cache hash table entries: 2048 (order: 2, 16384 bytes)
[    0.531237] Mountpoint-cache hash table entries: 2048 (order: 2, 16384 bytes)
[    0.537760] Initializing cgroup subsys io
[    0.541875] Initializing cgroup subsys memory
[    0.546851] Initializing cgroup subsys devices
[    0.550278] Initializing cgroup subsys freezer
[    0.554002] Initializing cgroup subsys net_cls
[    0.557265] Initializing cgroup subsys perf_event
[    0.561707] Initializing cgroup subsys net_prio
[    0.565253] Initializing cgroup subsys hugetlb
[    0.570047] Initializing cgroup subsys pids
[    0.574119] mce: CPU supports 0 MCE banks
[    0.577432] Last level iTLB entries: 4KB 1024, 2MB 1024, 4MB 512
[    0.581991] Last level dTLB entries: 4KB 2048, 2MB 2048, 4MB 1024, 1GB 0
[    0.587232] Spectre V1 : Mitigation: usercopy/swapgs barriers and __user pointer sanitization
[    0.594491] Spectre V2 : Spectre mitigation: LFENCE not serializing, switching to generic retpoline
[    0.601633] Spectre V2 : Mitigation: Full generic retpoline
[    0.606202] Spectre V2 : Spectre v2 / SpectreRSB mitigation: Filling RSB on context switch
[    0.612471] Speculative Store Bypass: Mitigation: Speculative Store Bypass disabled via prctl and seccomp
[    0.650527] Freeing SMP alternatives memory: 36K
[    0.726283] ftrace: allocating 32380 entries in 127 pages
[    1.251132] smpboot: APIC(0) Converting physical 0 to logical package 0
[    1.257468] smpboot: Max logical packages: 1
[    1.274359] ..TIMER: vector=0x30 apic1=0 pin1=2 apic2=-1 pin2=-1
[    1.387843] smpboot: CPU0: AMD Ryzen 5 3500X 6-Core Processor (family: 0x17, model: 0x71, stepping: 0x0)
[    1.396742] Performance Events: Broken PMU hardware detected, using software events only.
[    1.403684] Failed to access perfctr msr (MSR c0010007 is 0)
[    1.481020] KVM setup paravirtual spinlock
[    1.486821] x86: Booting SMP configuration:
[    1.489893] .... node  #0, CPUs:      #1
[    1.494252] kvm-clock: cpu 1, msr 0:3ffe3041, secondary cpu clock
[    1.498703] mce: CPU supports 0 MCE banks
[    1.502383] TSC synchronization [CPU#0 -> CPU#1]:
[    1.506547] Measured 58575 cycles TSC warp between CPUs, turning off TSC clock.
[    1.511926] tsc: Marking TSC unstable due to check_tsc_sync_source failed
[    1.516955] x86: Booted up 1 node, 2 CPUs
[    1.520474] smpboot: Total of 2 processors activated (14373.03 BogoMIPS)
[    1.528605] devtmpfs: initialized
[    1.535417] evm: security.selinux
[    1.540436] evm: security.SMACK64
[    1.545518] evm: security.SMACK64EXEC
[    1.549146] evm: security.SMACK64TRANSMUTE
[    1.552604] evm: security.SMACK64MMAP
[    1.555818] evm: security.ima
[    1.558566] evm: security.capability
[    1.561962] clocksource: jiffies: mask: 0xffffffff max_cycles: 0xffffffff, max_idle_ns: 7645041785100000 ns
[    1.569655] futex hash table entries: 512 (order: 3, 32768 bytes)
[    1.575088] pinctrl core: initialized pinctrl subsystem
[    1.579716] RTC time:  7:12:09, date: 09/05/22
[    1.584247] NET: Registered protocol family 16
[    0.280006] cpuidle: using governor ladder
[    0.292004] cpuidle: using governor menu
[    0.294894] PCCT header not found.
[    0.300400] ACPI: bus type PCI registered
[    0.303427] acpiphp: ACPI Hot Plug PCI Controller Driver version: 0.5
[    0.304000] PCI: Using configuration type 1 for base access
[    0.304000] PCI: Using configuration type 1 for extended access
[    0.316206] ACPI: Added _OSI(Module Device)
[    0.319532] ACPI: Added _OSI(Processor Device)
[    0.320000] ACPI: Added _OSI(3.0 _SCP Extensions)
[    0.320000] ACPI: Added _OSI(Processor Aggregator Device)
[    0.324203] ACPI: Executed 1 blocks of module-level executable AML code
[    0.329904] ACPI: Interpreter enabled
[    0.332000] ACPI: (supports S0 S5)
[    0.332000] ACPI: Using IOAPIC for interrupt routing
[    0.332281] PCI: Using host bridge windows from ACPI; if necessary, use "pci=nocrs" and report a bug
[    0.342305] ACPI: PCI Root Bridge [PCI0] (domain 0000 [bus 00-ff])
[    0.344000] acpi PNP0A03:00: _OSC: OS supports [ExtendedConfig ASPM ClockPM Segments MSI]
[    0.345089] acpi PNP0A03:00: _OSC: platform does not support [PCIeCapability]
[    0.348497] acpi PNP0A03:00: _OSC: not requesting control; platform does not support [PCIeCapability]
[    0.352000] acpi PNP0A03:00: _OSC: OS requested [PCIeHotplug PME AER PCIeCapability]
[    0.352000] acpi PNP0A03:00: _OSC: platform willing to grant [PCIeHotplug PME AER]
[    0.352000] acpi PNP0A03:00: _OSC failed (AE_SUPPORT); disabling ASPM
[    0.352640] PCI host bridge to bus 0000:00
[    0.355924] pci_bus 0000:00: root bus resource [io  0x0000-0x0cf7 window]
[    0.356000] pci_bus 0000:00: root bus resource [io  0x0d00-0xffff window]
[    0.356000] pci_bus 0000:00: root bus resource [mem 0x000a0000-0x000bffff window]
[    0.356000] pci_bus 0000:00: root bus resource [mem 0x40000000-0xfdffffff window]
[    0.356000] pci_bus 0000:00: root bus resource [bus 00-ff]
[    0.363845] pci 0000:00:01.1: legacy IDE quirk: reg 0x10: [io  0x01f0-0x01f7]
[    0.364000] pci 0000:00:01.1: legacy IDE quirk: reg 0x14: [io  0x03f6]
[    0.364000] pci 0000:00:01.1: legacy IDE quirk: reg 0x18: [io  0x0170-0x0177]
[    0.364000] pci 0000:00:01.1: legacy IDE quirk: reg 0x1c: [io  0x0376]
[    0.380000] pci 0000:00:07.0: quirk: [io  0x4000-0x403f] claimed by PIIX4 ACPI
[    0.380000] pci 0000:00:07.0: quirk: [io  0x4100-0x410f] claimed by PIIX4 SMB
[    0.390092] ACPI: PCI Interrupt Link [LNKA] (IRQs 5 9 10 *11)
[    0.392489] ACPI: PCI Interrupt Link [LNKB] (IRQs 5 9 *10 11)
[    0.396000] ACPI: PCI Interrupt Link [LNKC] (IRQs 5 *9 10 11)
[    0.396000] ACPI: PCI Interrupt Link [LNKD] (IRQs 5 9 10 *11)
[    0.396000] ACPI: Enabled 2 GPEs in block 00 to 07
[    0.400051] vgaarb: setting as boot device: PCI:0000:00:02.0
[    0.404000] vgaarb: device added: PCI:0000:00:02.0,decodes=io+mem,owns=io+mem,locks=none
[    0.404000] vgaarb: loaded
[    0.404000] vgaarb: bridge control possible 0000:00:02.0
[    0.404000] SCSI subsystem initialized
[    0.404269] ACPI: bus type USB registered
[    0.407658] usbcore: registered new interface driver usbfs
[    0.408000] usbcore: registered new interface driver hub
[    0.408000] usbcore: registered new device driver usb
[    0.408236] PCI: Using ACPI for IRQ routing
[    0.412000] NetLabel: Initializing
[    0.412000] NetLabel:  domain hash size = 128
[    0.412000] NetLabel:  protocols = UNLABELED CIPSOv4
[    0.412000] NetLabel:  unlabeled traffic allowed by default
[    0.412105] amd_nb: Cannot enumerate AMD northbridges
[    0.416000] clocksource: Switched to clocksource kvm-clock
[    0.416000] AppArmor: AppArmor Filesystem Enabled
[    0.416000] pnp: PnP ACPI init
[    0.450327] pnp: PnP ACPI: found 3 devices
[    0.486369] clocksource: acpi_pm: mask: 0xffffff max_cycles: 0xffffff, max_idle_ns: 2085701024 ns
[    0.488577] NET: Registered protocol family 2
[    0.488577] TCP established hash table entries: 8192 (order: 4, 65536 bytes)
[    0.488577] TCP bind hash table entries: 8192 (order: 5, 131072 bytes)
[    0.488577] TCP: Hash tables configured (established 8192 bind 8192)
[    0.488577] UDP hash table entries: 512 (order: 2, 16384 bytes)
[    0.488577] UDP-Lite hash table entries: 512 (order: 2, 16384 bytes)
[    0.488577] NET: Registered protocol family 1
[    0.488577] pci 0000:00:00.0: Limiting direct PCI/PCI transfers
[    0.488577] pci 0000:00:01.0: Activating ISA DMA hang workarounds
[    0.488577] Unpacking initramfs...
[    0.488577] Freeing initrd memory: 14888K
[    0.488577] clocksource: tsc: mask: 0xffffffffffffffff max_cycles: 0x33cb721243a, max_idle_ns: 440795205948 ns
[    0.488577] platform rtc_cmos: registered platform RTC device (no PNP device found)
[    0.488577] Scanning for low memory corruption every 60 seconds
[    0.895459] audit: initializing netlink subsys (disabled)
[    0.899266] audit: type=2000 audit(1662361933.696:1): initialized
[    0.899266] Initialise system trusted keyring
[    0.908805] HugeTLB registered 2 MB page size, pre-allocated 0 pages
[    0.912680] zbud: loaded
[    0.918226] VFS: Disk quotas dquot_6.6.0
[    0.921162] VFS: Dquot-cache hash table entries: 512 (order 0, 4096 bytes)
[    0.921800] squashfs: version 4.0 (2009/01/31) Phillip Lougher
[    0.931247] fuse init (API version 7.23)
[    0.934859] Key type big_key registered
[    0.937694] Allocating IMA MOK and blacklist keyrings.
[    0.952363] Key type asymmetric registered
[    0.955361] Asymmetric key parser 'x509' registered
[    0.956300] Block layer SCSI generic (bsg) driver version 0.4 loaded (major 249)
[    0.965434] io scheduler noop registered
[    0.968452] io scheduler deadline registered (default)
[    0.969187] io scheduler cfq registered
[    0.969187] pci_hotplug: PCI Hot Plug PCI Core version: 0.5
[    0.969187] pciehp: PCI Express Hot Plug Controller Driver version: 0.4
[    0.985224] ACPI: AC Adapter [AC] (on-line)
[    0.988522] input: Power Button as /devices/LNXSYSTM:00/LNXPWRBN:00/input/input0
[    0.989130] ACPI: Power Button [PWRF]
[    0.997208] input: Sleep Button as /devices/LNXSYSTM:00/LNXSLPBN:00/input/input1
[    1.000924] ACPI: Sleep Button [SLPF]
[    1.006231] GHES: HEST is not enabled!
[    1.009470] Serial: 8250/16550 driver, 32 ports, IRQ sharing enabled
[    1.013311] 00:02: ttyS0 at I/O 0x3f8 (irq = 4, base_baud = 115200) is a 16550A
[    1.055157] Linux agpgart interface v0.103
[    1.069318] loop: module loaded
[    1.074160] scsi host0: ata_piix
[    1.077661] scsi host1: ata_piix
[    1.080588] ata1: PATA max UDMA/33 cmd 0x1f0 ctl 0x3f6 bmdma 0xd000 irq 14
[    1.081519] ata2: PATA max UDMA/33 cmd 0x170 ctl 0x376 bmdma 0xd008 irq 15
[    1.081519] libphy: Fixed MDIO Bus: probed
[    1.090797] tun: Universal TUN/TAP device driver, 1.6
[    1.090797] tun: (C) 1999-2004 Max Krasnyansky <maxk@qualcomm.com>
[    1.102785] PPP generic driver version 2.4.2
[    1.106442] ehci_hcd: USB 2.0 'Enhanced' Host Controller (EHCI) Driver
[    1.110275] ehci-pci: EHCI PCI platform driver
[    1.110275] ehci-platform: EHCI generic platform driver
[    1.110275] ohci_hcd: USB 1.1 'Open' Host Controller (OHCI) Driver
[    1.110275] ohci-pci: OHCI PCI platform driver
[    1.110275] ohci-platform: OHCI generic platform driver
[    1.110275] uhci_hcd: USB Universal Host Controller Interface driver
[    1.110275] i8042: PNP: PS/2 Controller [PNP0303:PS2K,PNP0f03:PS2M] at 0x60,0x64 irq 1,12
[    1.145196] serio: i8042 KBD port at 0x60,0x64 irq 1
[    1.147621] serio: i8042 AUX port at 0x60,0x64 irq 12
[    1.154068] mousedev: PS/2 mouse device common for all mice
[    1.160526] rtc_cmos rtc_cmos: rtc core: registered rtc_cmos as rtc0
[    1.164457] rtc_cmos rtc_cmos: alarms up to one day, 114 bytes nvram
[    1.164457] i2c /dev entries driver
[    1.172325] device-mapper: uevent: version 1.0.3
[    1.176943] device-mapper: ioctl: 4.34.0-ioctl (2015-10-28) initialised: dm-devel@redhat.com
[    1.180879] ledtrig-cpu: registered to indicate activity on CPUs
[    1.189585] NET: Registered protocol family 10
[    1.193423] input: AT Translated Set 2 keyboard as /devices/platform/i8042/serio0/input/input2
[    1.196695] NET: Registered protocol family 17
[    1.196705] Key type dns_resolver registered
[    1.197017] registered taskstats version 1
[    1.197026] Loading compiled-in X.509 certificates
[    1.197443] Loaded X.509 cert 'Build time autogenerated kernel key: cf00e047681d67edb2720680708b7d9498083038'
[    1.197458] zswap: loaded using pool lzo/zbud
[    1.204215] Key type trusted registered
[    1.220502] Key type encrypted registered
[    1.220510] AppArmor: AppArmor sha1 policy hashing enabled
[    1.220513] ima: No TPM chip found, activating TPM-bypass!
[    1.220518] ima: Allocated hash algorithm: sha1
[    1.220571] evm: HMAC attrs: 0x1
[    1.224401]   Magic number: 6:302:217
[    1.247348] rtc_cmos rtc_cmos: setting system clock to 2022-09-05 07:12:10 UTC (1662361930)
[    1.280185] BIOS EDD facility v0.16 2004-Jun-25, 0 devices found
[    1.280185] EDD information not available.
[    1.315692] Freeing unused kernel memory: 1492K
[    1.328308] Write protecting the kernel read-only data: 14336k
[    1.333670] Freeing unused kernel memory: 1584K
[    1.337321] Freeing unused kernel memory: 52K
Loading, please wait...
starting version[    1.365426] random: systemd-udevd: uninitialized urandom read (16 bytes read, 5 bits of entropy available)
 229
[    1.370720] random: udevadm: uninitialized urandom read (16 bytes read, 5 bits of entropy available)
[    1.370734] random: udevadm: uninitialized urandom read (16 bytes read, 5 bits of entropy available)
[    1.381159] random: udevadm: uninitialized urandom read (16 bytes read, 5 bits of entropy available)
[    1.381225] random: udevadm: uninitialized urandom read (16 bytes read, 5 bits of entropy available)
[    1.381394] random: udevadm: uninitialized urandom read (16 bytes read, 5 bits of entropy available)
[    1.381478] random: udevadm: uninitialized urandom read (16 bytes read, 5 bits of entropy available)
[    1.381557] random: udevadm: uninitialized urandom read (16 bytes read, 5 bits of entropy available)
[    1.381592] random: udevadm: uninitialized urandom read (16 bytes read, 5 bits of entropy available)
[    1.381621] random: udevadm: uninitialized urandom read (16 bytes read, 5 bits of entropy available)
[    2.971563] e1000: Intel(R) PRO/1000 Network Driver - version 7.3.21-k8-NAPI
[    2.974138] e1000: Copyright (c) 1999-2006 Intel Corporation.
[    3.002345] Fusion MPT base driver 3.04.20
[    3.004176] Copyright (c) 1999-2008 LSI Corporation
[    3.025008] Fusion MPT SPI Host driver 3.04.20
[    3.894618] input: ImExPS/2 Generic Explorer Mouse as /devices/platform/i8042/serio1/input/input4
[    3.924371] e1000 0000:00:03.0 eth0: (PCI:33MHz:32-bit) 02:be:82:6b:cc:1d
[    3.928258] e1000 0000:00:03.0 eth0: Intel(R) PRO/1000 Network Connection
[    3.937018] mptbase: ioc0: Initiating bringup
[    4.402287] ioc0: LSI53C1030 A0: Capabilities={Initiator}
[    4.578720] scsi host2: ioc0: LSI53C1030 A0, FwRev=00000000h, Ports=1, MaxQ=256, IRQ=20
[    4.727291] scsi 2:0:0:0: Direct-Access     VBOX     HARDDISK         1.0  PQ: 0 ANSI: 5
[    4.731147] scsi target2:0:0: Beginning Domain Validation
[    4.742894] scsi target2:0:0: Domain Validation skipping write tests
[    4.746571] scsi target2:0:0: Ending Domain Validation
[    4.752819] scsi target2:0:0: asynchronous
[    4.758222] scsi 2:0:1:0: Direct-Access     VBOX     HARDDISK         1.0  PQ: 0 ANSI: 5
[    4.762052] scsi target2:0:1: Beginning Domain Validation
[    4.775563] scsi target2:0:1: Domain Validation skipping write tests
[    4.779169] scsi target2:0:1: Ending Domain Validation
[    4.804146] scsi target2:0:1: asynchronous
[    4.829456] sd 2:0:0:0: Attached scsi generic sg0 type 0
[    4.834603] sd 2:0:1:0: Attached scsi generic sg1 type 0
[    4.842824] sd 2:0:1:0: [sdb] 20480 512-byte logical blocks: (10.5 MB/10.0 MiB)
[    4.848287] sd 2:0:0:0: [sda] 83886080 512-byte logical blocks: (42.9 GB/40.0 GiB)
[    4.858899] sd 2:0:1:0: [sdb] Write Protect is off
[    4.862995] sd 2:0:0:0: [sda] Write Protect is off
[    4.870742] sd 2:0:1:0: [sdb] Incomplete mode parameter data
[    4.874111] sd 2:0:1:0: [sdb] Assuming drive cache: write through
[    4.880462] sd 2:0:0:0: [sda] Incomplete mode parameter data
[    4.884417] sd 2:0:0:0: [sda] Assuming drive cache: write through
[    4.899882] sd 2:0:1:0: [sdb] Attached SCSI disk
[    4.904360]  sda: sda1
[    4.908843] sd 2:0:0:0: [sda] Attached SCSI disk
[    5.502777] e1000 0000:00:08.0 eth1: (PCI:33MHz:32-bit) 08:00:27:89:ae:68
[    5.506577] e1000 0000:00:08.0 eth1: Intel(R) PRO/1000 Network Connection
[    5.514907] e1000 0000:00:08.0 enp0s8: renamed from eth1
[    5.528497] e1000 0000:00:03.0 enp0s3: renamed from eth0
Begin: Loading essential drivers ... [    6.964754] md: linear personality registered for level -1
[    6.973743] md: multipath personality registered for level -4
[    6.982035] md: raid0 personality registered for level 0
[    6.998314] md: raid1 personality registered for level 1
[    7.970869] raid6: sse2x1   gen() 135233 MB/s
[    9.971515] raid6: sse2x1   xor() 124968 MB/s
[   11.972287] raid6: sse2x2   gen() 268235 MB/s
[   12.041964] raid6: sse2x2   xor() 10211 MB/s
[   12.126296] raid6: sse2x4   gen() 19499 MB/s
[   12.210394] raid6: sse2x4   xor() 11108 MB/s
[   12.214151] raid6: using algorithm sse2x2 gen() 268235 MB/s
[   12.214352] raid6: .... xor() 10211 MB/s, rmw enabled
[   12.214352] raid6: using ssse3x2 recovery algorithm
[   12.229330] xor: measuring software checksum speed
[   12.232545]    prefetch64-sse: 16195.000 MB/sec
[   12.232545]    generic_sse: 17102.000 MB/sec
[   12.232545] xor: using function: generic_sse (17102.000 MB/sec)
[   12.322646] async_tx: api initialized (async)
[   12.360247] md: raid6 personality registered for level 6
[   12.363959] md: raid5 personality registered for level 5
[   12.363959] md: raid4 personality registered for level 4
[   12.389785] md: raid10 personality registered for level 10
done.
Begin: Running /scripts/init-premount ... done.
Begin: Mounting root file system ... Begin: Running /scripts/local-top ... done.
Begin: Running /scripts/local-premount ... [   12.454606] Btrfs loaded
Scanning for Btrfs filesystems
done.
Warning: fsck not present, so skipping root file system
[   12.499435] EXT4-fs (sda1): mounted filesystem with ordered data mode. Opts: (null)
done.
Begin: Running /scripts/local-bottom ... done.
Begin: Running /scripts/init-bottom ... done.
[   12.641705] systemd[1]: systemd 229 running in system mode. (+PAM +AUDIT +SELINUX +IMA +APPARMOR +SMACK +SYSVINIT +UTMP +LIBCRYPTSETUP +GCRYPT +GNUTLS +ACL +XZ -LZ4 +SECCOMP +BLKID +ELFUTILS +KMOD -IDN)
[   12.644043] systemd[1]: Detected virtualization oracle.
[   12.644043] systemd[1]: Detected architecture x86-64.

Welcome to [1mUbuntu 16.04.7 LTS[0m!

[   12.668405] systemd[1]: Set hostname to <ubuntu>.
[   12.677733] systemd[1]: Initializing machine ID from random generator.
[   12.681574] systemd[1]: Installed transient /etc/machine-id file.
[   12.847685] systemd[1]: Listening on fsck to fsckd communication Socket.
[[0;32m  OK  [0m] Listening on fsck to fsckd communication Socket.
[   12.856569] systemd[1]: Listening on LVM2 poll daemon socket.
[[0;32m  OK  [0m] Listening on LVM2 poll daemon socket.
[   12.864054] systemd[1]: Set up automount Arbitrary Executable File Formats File System Automount Point.
[[0;32m  OK  [0m] Set up automount Arbitrary Executab...ats File System Automount Point.
[   12.875110] systemd[1]: Listening on udev Control Socket.
[[0;32m  OK  [0m] Listening on udev Control Socket.
[   12.882271] systemd[1]: Listening on Journal Socket.
[[0;32m  OK  [0m] Listening on Journal Socket.
[   12.889010] systemd[1]: Listening on Journal Audit Socket.
[[0;32m  OK  [0m] Listening on Journal Audit Socket.
[   12.896135] systemd[1]: Listening on /dev/initctl Compatibility Named Pipe.
[[0;32m  OK  [0m] Listening on /dev/initctl Compatibility Named Pipe.
[   12.904737] systemd[1]: Listening on Device-mapper event daemon FIFOs.
[[0;32m  OK  [0m] Listening on Device-mapper event daemon FIFOs.
[   12.913398] systemd[1]: Reached target System Time Synchronized.
[[0;32m  OK  [0m] Reached target System Time Synchronized.
[   12.921530] systemd[1]: Created slice System Slice.
[[0;32m  OK  [0m] Created slice System Slice.
[   12.940799] systemd[1]: Starting Set console keymap...
         Starting Set console keymap...
[   12.949460] systemd[1]: Mounting Huge Pages File System...
         Mounting Huge Pages File System...
[   12.957898] systemd[1]: Starting Nameserver information manager...
         Starting Nameserver information manager...
[   12.998318] systemd[1]: Starting File System Check on Root Device...
         Starting File System Check on Root Device...
[   13.008200] systemd[1]: Started Forward Password Requests to Wall Directory Watch.
[[0;32m  OK  [0m] Started Forward Password Requests to Wall Directory Watch.
[   13.017810] systemd[1]: Listening on udev Kernel Socket.
[[0;32m  OK  [0m] Listening on udev Kernel Socket.
[   13.040448] systemd[1]: Starting Load Kernel Modules...
         Starting Load Kernel Modules...
[   13.048892] systemd[1]: Created slice system-serial\x2dgetty.slice.
[[0;32m  OK  [0m] Created slice system-serial\x2dgetty.slice.
[   13.058643] systemd[1]: Starting Uncomplicated firewall...
         Starting Uncomplicated firewall...
[   13.067041] Loading iSCSI transport class v2.0-870.
[   13.069569] systemd[1]: Listening on Journal Socket (/dev/log).
[[0;32m  OK  [0m] Listening on Journal Socket (/dev/log).
[   13.079945] systemd[1]: Listening on Syslog Socket.
[[0;32m  OK  [0m] Listening on Syslog Socket.
[   13.091193] iscsi: registered transport (tcp)
[   13.105003] systemd[1]: Starting Create list of required static device nodes for the current kernel...
         Starting Create list of required st... nodes for the current kernel...
[   13.118642] systemd[1]: Reached target User and Group Name Lookups.
[[0;32m  OK  [0m] Reached target User and Group Name Lookups.
[   13.127615] systemd[1]: Listening on LVM2 metadata daemon socket.
[[0;32m  OK  [0m] Listening on LVM2 metadata daemon socket.
[   13.136752] systemd[1]: Starting Monitoring of LVM2 mirrors, snapshots etc. using dmeventd or progress polling...
         Starting Monitoring of LVM2 mirrors... dmeventd or progress polling...
[   13.152860] systemd[1]: Mounting POSIX Message Queue File System...
         Mounting POSIX Message Queue File System...
[   13.164810] systemd[1]: Reached target Encrypted Volumes.
[[0;32m  OK  [0m] Reached target Encrypted Volumes.
[   13.180892] systemd[1]: Mounting Debug File System...
         Mounting Debug File System...
[   13.195823] systemd[1]: Starting Journal Service...
         Starting Journal Service...
[   13.204151] systemd[1]: Reached target Swap.
[[0;32m  OK  [0m] Reached target Swap.
[   13.210233] systemd[1]: Started Trigger resolvconf update for networkd DNS.
[[0;32m  OK  [0m] Started Trigger resolvconf update for networkd DNS.
[   13.220794] systemd[1]: Created slice User and Session Slice.
[[0;32m  OK  [0m] Created slice User and Session Slice.
[   13.229052] systemd[1]: Reached target Slices.
[[0;32m  OK  [0m] Reached target Slices.
[   13.236740] iscsi: registered transport (iser)
[   13.248913] systemd[1]: Mounted Huge Pages File System.
[[0;32m  OK  [0m] Mounted Huge Pages File System.
[   13.257023] systemd[1]: Mounted POSIX Message Queue File System.
[[0;32m  OK  [0m] Mounted POSIX Message Queue File System.
[   13.265112] systemd[1]: Mounted Debug File System.
[[0;32m  OK  [0m] Mounted Debug File System.
[   13.271669] systemd[1]: Started Journal Service.
[[0;32m  OK  [0m] Started Journal Service.
[[0;32m  OK  [0m] Started Set console keymap.
[[0;32m  OK  [0m] Started File System Check on Root Device.
[[0;32m  OK  [0m] Started Load Kernel Modules.
[[0;32m  OK  [0m] Started Uncomplicated firewall.
[[0;32m  OK  [0m] Started Create list of required sta...ce nodes for the current kernel.
[[0;32m  OK  [0m] Started Nameserver information manager.
[[0;32m  OK  [0m] Started File System Check Daemon to report status.
[[0;32m  OK  [0m] Started LVM2 metadata daemon.
         Starting Create Static Device Nodes in /dev...
         Starting Apply Kernel Variables...
         Mounting FUSE Control File System...
         Starting Remount Root and Kernel File Systems...
[[0;32m  OK  [0m] Mounted FUSE Control File System.
[[0;32m  OK  [0m] Started Apply Kernel Variables.
[[0;32m  OK  [0m] Started Remount Root and Kernel File Systems.
         Starting udev Coldplug all Devices...
         Starting Flush Journal to Persistent Storage...
         Starting Load/Save Random Seed...
[[0;32m  OK  [0m] Started Load/Save Random Seed.
[[0;32m  OK  [0m] Started Create Static Device Nodes in /dev.
[[0;32m  OK  [0m] Started Flush Journal to Persistent Storage.
         Starting udev Kernel Device Manager...
[[0;32m  OK  [0m] Started udev Coldplug all Devices.
[[0;32m  OK  [0m] Started udev Kernel Device Manager.
[[0;32m  OK  [0m] Started Dispatch Password Requests to Console Directory Watch.
[[0;32m  OK  [0m] Found device /dev/ttyS0.
[[0;32m  OK  [0m] Started Monitoring of LVM2 mirrors,...ng dmeventd or progress polling.
[[0;32m  OK  [0m] Reached target Local File Systems (Pre).
[[0;32m  OK  [0m] Reached target Local File Systems.
         Starting Initial cloud-init job (pre-networking)...
         Starting Commit a transient machine-id on disk...
         Starting Set console font and keymap...
         Starting Tell Plymouth To Write Out Runtime Data...
         Starting LSB: AppArmor initialization...
         Starting Create Volatile Files and Directories...
[[0;32m  OK  [0m] Started Create Volatile Files and Directories.
         Starting Update UTMP about System Boot/Shutdown...
[[0;32m  OK  [0m] Listening on Load/Save RF Kill Switch Status /dev/rfkill Watch.
[[0;32m  OK  [0m] Started Commit a transient machine-id on disk.
[[0;32m  OK  [0m] Started Tell Plymouth To Write Out Runtime Data.
[[0;32m  OK  [0m] Started Update UTMP about System Boot/Shutdown.
[[0;32m  OK  [0m] Started LSB: AppArmor initialization.
         Starting Load AppArmor profiles managed internally by snapd...
[   15.055877] cloud-init[486]: Cloud-init v. 21.1-19-gbad84ad4-0ubuntu1~16.04.2 running 'init-local' at Mon, 05 Sep 2022 07:12:24 +0000. Up 14.76 seconds.
[[0;32m  OK  [0m] Started Load AppArmor profiles managed internally by snapd.
[[0;32m  OK  [0m] Started Initial cloud-init job (pre-networking).
[[0;32m  OK  [0m] Reached target Network (Pre).
         Starting Raise network interfaces...
[[0;32m  OK  [0m] Started Set console font and keymap.
[[0;32m  OK  [0m] Created slice system-getty.slice.
[[0;32m  OK  [0m] Started Raise network interfaces.
[[0;32m  OK  [0m] Reached target Network.
         Starting Initial cloud-init job (metadata service crawler)...
[   16.488046] cloud-init[939]: Cloud-init v. 21.1-19-gbad84ad4-0ubuntu1~16.04.2 running 'init' at Mon, 05 Sep 2022 07:12:25 +0000. Up 15.92 seconds.
[   16.494028] cloud-init[939]: ci-info: ++++++++++++++++++++++++++++++++++++++Net device info+++++++++++++++++++++++++++++++++++++++
[[   16.525075] [0;32m  OK  [0mcloud-init] [939]: Started Initial cloud-init job (metadata service crawler).ci-info: +--------+-------+----------------------------+---------------+--------+-------------------+

[   16.532172] cloud-init[939]: ci-info: | Device |   Up  |          Address           |      Mask     | Scope  |     Hw-Address    |
[   16.537058] cloud-init[939]: ci-info: +--------+-------+----------------------------+---------------+--------+-------------------+
[   16.538014] cloud-init[939]: ci-info: | enp0s3 |  True |         10.0.2.15          | 255.255.255.0 | global | 02:be:82:6b:cc:1d |
[   16.538039] cloud-init[939]: ci-info: | enp0s3 |  True | fe80::be:82ff:fe6b:cc1d/64 |       .       |  link  | 02:be:82:6b:cc:1d |
[   16.538061] cloud-init[939]: ci-info: | enp0s8 | False |             .              |       .       |   .    | 08:00:27:89:ae:68 |
[   16.538424] cloud-init[939]: ci-info: |   lo   |  True |         127.0.0.1          |   255.0.0.0   |  host  |         .         |
[   16.538753] cloud-init[939]: ci-info: |   lo   |  True |          ::1/128           |       .       |  host  |         .         |
[   16.539098] cloud-init[939]: ci-info: +--------+-------+----------------------------+---------------+--------+-------------------+
[   16.539432] cloud-init[939]: ci-info: +++++++++++++++++++++++++++Route IPv4 info++++++++++++++++++++++++++++
[   16.539764] cloud-init[939]: ci-info: +-------+-------------+----------+---------------+-----------+-------+
[   16.540126] cloud-init[939]: ci-info: | Route | Destination | Gateway  |    Genmask    | Interface | Flags |
[   16.540430] cloud-init[939]: ci-info: +-------+-------------+----------+---------------+-----------+-------+
[   16.540781] cloud-init[939]: ci-info: |   0   |   0.0.0.0   | 10.0.2.2 |    0.0.0.0    |   enp0s3  |   UG  |
[   16.541069] cloud-init[939]: ci-info: |   1   |   10.0.2.0  | 0.0.0.0  | 255.255.255.0 |   enp0s3  |   U   |
[   16.541426] cloud-init[939]: ci-info: +-------+-------------+----------+---------------+-----------+-------+
[   16.541731] cloud-init[939]: ci-info: +++++++++++++++++++Route IPv6 info+++++++++++++++++++
[   16.542048] cloud-init[939]: ci-info: +-------+-------------+---------+-----------+-------+
[   16.542383] cloud-init[939]: ci-info: | Route | Destination | Gateway | Interface | Flags |
[   16.542673] cloud-init[939]: ci-info: +-------+-------------+---------+-----------+-------+
[   16.543047] cloud-init[939]: ci-info: |   0   |  fe80::/64  |    ::   |   enp0s3  |   U   |
[   16.543365] cloud-init[939]: ci-info: |   3   |   ff00::/8  |    ::   |   enp0s3  |   U   |
[   16.543717] cloud-init[939]: ci-info: +-------+-------------+---------+-----------+-------+
[   16.544056] cloud-init[939]: Generating public/private rsa key pair.
[   16.544385] cloud-init[939]: Your identification has been saved in /etc/ssh/ssh_host_rsa_key.
[   16.544720] cloud-init[939]: Your public key has been saved in /etc/ssh/ssh_host_rsa_key.pub.
[   16.545058] cloud-init[939]: The key fingerprint is:
[   16.545391] cloud-init[939]: SHA256:93ONsN+Df1hkv4QNXNofCN7e+z+R++q3yG7rmI7iANE root@ubuntu-xenial
[   16.545732] cloud-init[939]: The key's randomart image is:
[   16.546203] cloud-init[939]: +---[RSA 2048]----+
[   16.546540] cloud-init[939]: |                 |
[   16.546924] cloud-init[939]: |    .      .   . |
[   16.547239] cloud-init[939]: |   . E    . + =  |
[   16.547563] cloud-init[939]: |    .      . * oo|
[   16.547901] cloud-init[939]: |   .    S . o =o=|
[   16.548225] cloud-init[939]: |    .    . . = O+|
[   16.548553] cloud-init[939]: |     .      + =o*|
[   16.549304] cloud-init[939]: |      ..  . +*oBo|
[   16.549586] cloud-init[939]: |      .....++B*=&|
[   16.549901] cloud-init[939]: +----[SHA256]-----+
[   16.550212] cloud-init[939]: Generating public/private dsa key pair.
[   16.550531] cloud-init[939]: Your identification has been saved in /etc/ssh/ssh_host_dsa_key.
[   16.550856] cloud-init[939]: Your public key has been saved in /etc/ssh/ssh_host_dsa_key.pub.
[   16.551173] cloud-init[939]: The key fingerprint is:
[   16.551572] cloud-init[939]: SHA256:C9VjmXzqH0mMHR4vxU7bFw38C0Pyt195EgJJc+BIFyM root@ubuntu-xenial
[   16.551598] cloud-init[939]: The key's randomart image is:
[   16.551618] cloud-init[939]: +---[DSA 1024]----+
[   16.551668] cloud-init[939]: |        E.B+...  |
[   16.551692] cloud-init[939]: |       . BoB o...|
[   16.551752] cloud-init[939]: |        o O.B +o.|
[   16.552149] cloud-init[939]: |       . . O.@.+o|
[   16.552520] cloud-init[939]: |      . S o *.B.*|
[   16.552901] cloud-init[939]: |       . o . o.++|
[   16.553195] cloud-init[939]: |        . . o  .+|
[   16.553564] cloud-init[939]: |           . .  .|
[   16.554315] cloud-init[939]: |            .    |
[   16.554635] cloud-init[939]: +----[SHA256]-----+
[   16.554996] cloud-init[939]: Generating public/private ecdsa key pair.
[   16.555288] cloud-init[939]: Your identification has been saved in /etc/ssh/ssh_host_ecdsa_key.
[   16.555628] cloud-init[939]: Your public key has been saved in /etc/ssh/ssh_host_ecdsa_key.pub.
[   16.555982] cloud-init[939]: The key fingerprint is:
[   16.556376] cloud-init[939]: SHA256:JUwvK/NT7zawO8tlopwEHXRsvQUXM8WtHws+j48TUok root@ubuntu-xenial
[   16.640313] cloud-init[939]: The key's randomart image is:
[   16.640569] cloud-init[939]: +---[ECDSA 256]---+
[   16.640892] cloud-init[939]: |        o.....=+o|
[   16.641282] cloud-init[939]: |       + oo ...oo|
[   16.641619] cloud-init[939]: |        =.o .o.. |
[   16.641949] cloud-init[939]: |       . * E.+.. |
[   16.642278] cloud-init[939]: |      + S . o ..o|
[   16.642635] cloud-init[939]: |       = ..o + ..|
[   16.642962] cloud-init[939]: |        + .o= =  |
[   16.643292] cloud-init[939]: |       o =o=oo.. |
[[0;32m  OK  [0m] Reached target System Initialization.
[   16.643638] cloud-init[939]: |        + +=.oo. |
[   16.643696] cloud-init[939]: +----[SHA256]-----+
[   16.661681] cloud-init[939]: Generating public/private ed25519 key pair.
[   16.661707] cloud-init[939]: Your identification has been saved in /etc/ssh/ssh_host_ed25519_key.
[   16.662102] cloud-init[939]: Your public key has been saved in /etc/ssh/ssh_host_ed25519_key.pub.
[   16.662424] cloud-init[939]: The key fingerprint is:
[   16.662741] cloud-init[939]: SHA256:EgpeGarzlsOfObYbjU/EhllWsInk+vAE4pk+IQnzk6M root@ubuntu-xenial
[   16.663088] cloud-init[939]: The key's randomart image is:
[   16.663417] cloud-init[939]: +--[ED25519 256]--+
[   16.663745] cloud-init[939]: |    o ...        |
[   16.664114] cloud-init[939]: |   + + +         |
         Starting Socket activation for snappy daemon.
[   16.665386]          cloud-initStarting LXD - unix socket.[939]: 
|+ + = *          |
[   16.683894] [cloud-init[0;32m  OK  [0m[939]: ] |oBo* B .         |Started ACPI Events Check.

[   16.685121] cloud-init[939]: |==O = = S        |
[   16.689055] cloud-init[939]: |o=.O = .         |
[   16.689080] cloud-init[939]: |Eo* = o          |
[   16.689433] cloud-init[939]: | ..oo*           |
[   16.689767] cloud-init[939]: |   .*+.          |
[   16.690098] cloud-init[939]: +----[SHA256]-----+
[[0;32m  OK  [0m] Reached target Paths.
[[0;32m  OK  [0m] Started Message of the Day.
[[0;32m  OK  [0m] Listening on ACPID Listen Socket.
[[0;32m  OK  [0m] Listening on D-Bus System Message Bus Socket.
[[0;32m  OK  [0m] Started Daily apt download activities.
[[0;32m  OK  [0m] Started Daily apt upgrade and clean activities.
[[0;32m  OK  [0m] Listening on UUID daemon activation socket.
[[0;32m  OK  [0m] Started Ubuntu Advantage update messaging.
[[0;32m  OK  [0m] Started Daily Cleanup of Temporary Directories.
[[0;32m  OK  [0m] Reached target Timers.
[[0;32m  OK  [0m] Reached target Cloud-config availability.
[[0;32m  OK  [0m] Reached target Network is Online.
         Starting iSCSI initiator daemon (iscsid)...
[[0;32m  OK  [0m] Listening on Socket activation for snappy daemon.
[[0;32m  OK  [0m] Listening on LXD - unix socket.
[[0;32m  OK  [0m] Reached target Sockets.
[[0;32m  OK  [0m] Reached target Basic System.
[[0;32m  OK  [0m] Started ACPI event daemon.
[[0;32m  OK  [0m] Started Deferred execution scheduler.
         Starting Accounts Service...
[[0;32m  OK  [0m] Started D-Bus System Message Bus.
         Starting System Logging Service...
         Starting LSB: MD monitoring daemon...
         Starting Virtualbox guest utils...
[[0;32m  OK  [0m] Started FUSE filesystem for LXC.
         Starting Snap Daemon...
         Starting LXD - container startup/shutdown...
         Starting Pollinate to seed the pseudo random number generator...
         Starting /etc/rc.local Compatibility...
         Starting LSB: Record successful boot for GRUB...
         Starting Login Service...
[[0;32m  OK  [0m] Started Regular background program processing daemon.
[[0;32m  OK  [0m] Started System Logging Service.
[[0;32m  OK  [0m] Started /etc/rc.local Compatibility.
         Starting Authenticate and Authorize Users to Run Privileged Tasks...
[[0;32m  OK  [0m] Started iSCSI initiator daemon (iscsid).
         Starting Login to default iSCSI targets...
[[0;32m  OK  [0m] Started Login Service.
[[0;32m  OK  [0m] Started Unattended Upgrades Shutdown.
[[0;32m  OK  [0m] Started LSB: MD monitoring daemon.
[[0;32m  OK  [0m] Started LSB: Record successful boot for GRUB.
[[0;32m  OK  [0m] Started Login to default iSCSI targets.
[[0;32m  OK  [0m] Reached target Remote File Systems (Pre).
[[0;32m  OK  [0m] Reached target Remote File Systems.
         Starting LSB: Set the CPU Frequency Scaling governor to "ondemand"...
         Starting LSB: automatic crash report generation...
         Starting Permit User Sessions...
         Starting LSB: daemon to balance interrupts for SMP systems...
[[0;32m  OK  [0m] Started Permit User Sessions.
[[0;32m  OK  [0m] Started Authenticate and Authorize Users to Run Privileged Tasks.
[[0;32m  OK  [0m] Started Accounts Service.
         Starting Terminate Plymouth Boot Screen...
         Starting Hold until boot process finishes up...
[[0;32m  OK  [0m] Started Terminate Plymouth Boot Screen.
[[0;32m  OK  [0m] Started Hold until boot process finishes up.
[[0;32m  OK  [0m] Started Serial Getty on ttyS0.
[[0;32m  OK  [0m] Started Getty on tty1.
[[0;32m  OK  [0m] Reached target Login Prompts.
         Starting Set console scheme...
[[0;32m  OK  [0m] Started Virtualbox guest utils.
[[0;32m  OK  [0m] Started LSB: Set the CPU Frequency Scaling governor to "ondemand".
[[0;32m  OK  [0m] Started LSB: daemon to balance interrupts for SMP systems.
[[0;32m  OK  [0m] Started LSB: automatic crash report generation.
[[0;32m  OK  [0m] Started Set console scheme.
[[0;32m  OK  [0m] Started LXD - container startup/shutdown.
[[0;32m  OK  [0m] Started Snap Daemon.
         Starting Wait until snapd is fully seeded...
[[0;32m  OK  [0m] Started Pollinate to seed the pseudo random number generator.
         Starting OpenBSD Secure Shell server...
[[0;32m  OK  [0m] Started OpenBSD Secure Shell server.
[[0;32m  OK  [0m] Created slice User Slice of vagrant.
         Starting User Manager for UID 1000...
[[0;32m  OK  [0m] Started Session 1 of user vagrant.
[[0;32m  OK  [0m] Started User Manager for UID 1000.
[[0;32m  OK  [0m] Started Wait until snapd is fully seeded.
[[0;32m  OK  [0m] Reached target Multi-User System.
[[0;32m  OK  [0m] Reached target Graphical Interface.
         Starting Update UTMP about System Runlevel Changes...
         Starting Apply the settings specified in cloud-config...
[[0;32m  OK  [0m] Started Update UTMP about System Runlevel Changes.
[   21.366481] cloud-init[1478]: Generating locales (this might take a while)...
[   22.349780] cloud-init[1478]:   en_US.UTF-8... done
[   22.349914] cloud-init[1478]: Generation complete.
[   22.632762] cloud-init[1478]: Cloud-init v. 21.1-19-gbad84ad4-0ubuntu1~16.04.2 running 'modules:config' at Mon, 05 Sep 2022 07:12:30 +0000. Up 21.28 seconds.
ci-info: no authorized SSH keys fingerprints found for user ubuntu.
<14>Sep  5 07:12:32 ec2: 
<14>Sep  5 07:12:32 ec2: #############################################################
<14>Sep  5 07:12:32 ec2: -----BEGIN SSH HOST KEY FINGERPRINTS-----
<14>Sep  5 07:12:32 ec2: 1024 SHA256:C9VjmXzqH0mMHR4vxU7bFw38C0Pyt195EgJJc+BIFyM root@ubuntu-xenial (DSA)
<14>Sep  5 07:12:32 ec2: 256 SHA256:JUwvK/NT7zawO8tlopwEHXRsvQUXM8WtHws+j48TUok root@ubuntu-xenial (ECDSA)
<14>Sep  5 07:12:32 ec2: 256 SHA256:EgpeGarzlsOfObYbjU/EhllWsInk+vAE4pk+IQnzk6M root@ubuntu-xenial (ED25519)
<14>Sep  5 07:12:32 ec2: 2048 SHA256:93ONsN+Df1hkv4QNXNofCN7e+z+R++q3yG7rmI7iANE root@ubuntu-xenial (RSA)
<14>Sep  5 07:12:32 ec2: -----END SSH HOST KEY FINGERPRINTS-----
<14>Sep  5 07:12:32 ec2: #############################################################
-----BEGIN SSH HOST KEY KEYS-----
ecdsa-sha2-nistp256 AAAAE2VjZHNhLXNoYTItbmlzdHAyNTYAAAAIbmlzdHAyNTYAAABBBEfafyuttxHsTpy/VCTOCfazqz23kWM3/A/apMpXoj+Sh3pLKyS/ud+Pt7XvtvGk1F5NJlrUQpxv6UqOtdx6rSQ= root@ubuntu-xenial
ssh-ed25519 AAAAC3NzaC1lZDI1NTE5AAAAIFAnfF78+IERPsqo5SBYQfsIL0LkeLdboPbOKpYQ31AD root@ubuntu-xenial
ssh-rsa AAAAB3NzaC1yc2EAAAADAQABAAABAQCsjxx2Mzuf1nxw9Qzd6Fh9WV2furXVWGO9R84HAMa/lSMWJCu8khk/ysxroSZsNsQmonYXrFGtE39o9Gw7MmT+oQyoQti2Buyx4C6pYCfFA14x26GERahIFJG9iLEHLcEeeNRfnHQhZeSGNxd7syc0ftL0i2JvJ3tRPjQFsMgVpaAtu9/eIS8twFltjnqcqIIWNaekDuhFiekVJX5yPFkY8wcOxClALHTimsZO40xLbveiEOk1mtmG3LHd7NTaCBba6cwuGgwC9nGS6dcC4jamD9IeT0CacvVtJ/zbJI9YxB4E/tmicnYfjE8V4cv3vaXPBLWJzCI4//Av4N5SneUL root@ubuntu-xenial
-----END SSH HOST KEY KEYS-----
[   22.998279] cloud-init[1607]: Cloud-init v. 21.1-19-gbad84ad4-0ubuntu1~16.04.2 running 'modules:final' at Mon, 05 Sep 2022 07:12:32 +0000. Up 22.85 seconds.
[   22.998666] cloud-init[1607]: ci-info: no authorized SSH keys fingerprints found for user ubuntu.
[   22.998786] cloud-init[1607]: Cloud-init v. 21.1-19-gbad84ad4-0ubuntu1~16.04.2 finished at Mon, 05 Sep 2022 07:12:32 +0000. Datasource DataSourceNoCloud [seed=/dev/sdb][dsmode=net].  Up 22.96 seconds

Ubuntu 16.04.7 LTS ubuntu-xenial ttyS0

ubuntu-xenial login: 